openCVLibrary346/build/intermediates/manifest_merge_blame_file/release/manifest-merger-blame-release-report.txt
1<?xml version="1.0" encoding="utf-8"?>
2<manifest xmlns:android="http://schemas.android.com/apk/res/android"
3    package="org.opencv"
4    android:versionCode="3460"
5    android:versionName="3.4.6" >
6
7    <uses-sdk
7-->src/main/AndroidManifest.xml:6:4-72
8        android:minSdkVersion="8"
8-->src/main/AndroidManifest.xml:6:14-39
9        android:targetSdkVersion="29" />
9-->src/main/AndroidManifest.xml:6:40-69
10
11</manifest>